<?xml version="1.0" encoding="UTF-8"?>
<!-- Generated by org.testng.reporters.JUnitReportReporter -->
<testsuite hostname="DESKTOP-JIRVJF0" failures="0" tests="1" name="fahad.com.AutomationExam.TaskFive" time="45.868" errors="0" timestamp="2022-12-17T19:39:52 BDT" skipped="0">
  <testcase classname="fahad.com.AutomationExam.TaskFive" name="TaskFiveSolution" time="45.868"/>
  <system-out/>
</testsuite> <!-- fahad.com.AutomationExam.TaskFive -->
