<?xml version="1.0" encoding="UTF-8"?>
<!-- Generated by org.testng.reporters.JUnitReportReporter -->
<testsuite hostname="DESKTOP-JIRVJF0" failures="0" tests="1" name="fahad.com.AutomationExam.TaskTwo" time="6.237" errors="0" timestamp="2022-12-17T13:59:51 BDT" skipped="0">
  <testcase classname="fahad.com.AutomationExam.TaskTwo" name="TaskTwoSolution" time="6.237"/>
  <system-out/>
</testsuite> <!-- fahad.com.AutomationExam.TaskTwo -->
