<?xml version="1.0" encoding="UTF-8"?>
<!-- Generated by org.testng.reporters.JUnitReportReporter -->
<testsuite hostname="DESKTOP-JIRVJF0" failures="0" tests="1" name="fahad.com.AutomationExam.TaskThree" time="6.166" errors="0" timestamp="2022-12-17T17:08:18 BDT" skipped="0">
  <testcase classname="fahad.com.AutomationExam.TaskThree" name="TaskTwoSolution" time="6.166"/>
  <system-out/>
</testsuite> <!-- fahad.com.AutomationExam.TaskThree -->
