<?xml version="1.0" encoding="UTF-8"?>
<!-- Generated by org.testng.reporters.JUnitReportReporter -->
<testsuite hostname="DESKTOP-JIRVJF0" failures="0" tests="1" name="fahad.com.AutomationExam.TaskOne" time="7.096" errors="0" timestamp="2022-12-17T13:13:25 BDT" skipped="0">
  <testcase classname="fahad.com.AutomationExam.TaskOne" name="TaskOneSolution" time="7.096"/>
  <system-out/>
</testsuite> <!-- fahad.com.AutomationExam.TaskOne -->
